<?xml version="1.0" encoding="UTF-8"?>
<!-- Generated by org.testng.reporters.JUnitReportReporter -->
<testsuite hostname="DESKTOP-M0UH53U" failures="0" tests="1" name="com.selenium.datadriven.DataDriven_FD" time="24.100" errors="0" timestamp="2022-05-23T20:10:46 IST" skipped="0">
  <testcase classname="com.selenium.datadriven.DataDriven_FD" name="fd_DataDriven" time="24.100"/>
  <system-out/>
</testsuite> <!-- com.selenium.datadriven.DataDriven_FD -->
