<?xml version="1.0" encoding="UTF-8"?>
<!-- Generated by org.testng.reporters.JUnitReportReporter -->
<testsuite hostname="DESKTOP-M0UH53U" failures="0" tests="1" name="com.selenium.webobject.Code_For_navigate_4" time="25.939" errors="0" timestamp="2022-05-14T10:55:27 IST" skipped="0">
  <testcase classname="com.selenium.webobject.Code_For_navigate_4" name="Code_For_navigate" time="25.939"/>
  <system-out/>
</testsuite> <!-- com.selenium.webobject.Code_For_navigate_4 -->
