<?xml version="1.0" encoding="UTF-8"?>
<!-- Generated by org.testng.reporters.JUnitReportReporter -->
<testsuite hostname="DESKTOP-M0UH53U" failures="0" tests="2" name="com.selenium.testng.HardAssertTest" time="5.791" errors="0" timestamp="2022-05-08T11:37:24 IST" skipped="0">
  <testcase classname="com.selenium.testng.HardAssertTest" name="verifyLoginPage" time="2.579"/>
  <system-out/>
  <testcase classname="com.selenium.testng.HardAssertTest" name="verifyHomePage" time="3.212"/>
  <system-out/>
</testsuite> <!-- com.selenium.testng.HardAssertTest -->
