<?xml version="1.0" encoding="UTF-8"?>
<!-- Generated by org.testng.reporters.JUnitReportReporter -->
<testsuite hostname="DESKTOP-M0UH53U" failures="0" tests="3" name="com.selenium.testng.AllAnnotations" time="0.009" errors="0" timestamp="2022-05-07T12:39:48 IST" skipped="0">
  <testcase classname="com.selenium.testng.AllAnnotations" name="Test3" time="0.001"/>
  <system-out/>
  <testcase classname="com.selenium.testng.AllAnnotations" name="Test1" time="0.006"/>
  <system-out/>
  <testcase classname="com.selenium.testng.AllAnnotations" name="Test2" time="0.002"/>
  <system-out/>
</testsuite> <!-- com.selenium.testng.AllAnnotations -->
