<?xml version="1.0" encoding="UTF-8"?>
<!-- Generated by org.testng.reporters.JUnitReportReporter -->
<testsuite hostname="DESKTOP-M0UH53U" failures="0" tests="4" name="com.selenium.datadriven.DataProvider_FD" time="24.523" errors="0" timestamp="2022-05-24T19:20:50 IST" skipped="0">
  <testcase classname="com.selenium.datadriven.DataProvider_FD" name="f" time="5.580"/>
  <system-out/>
  <testcase classname="com.selenium.datadriven.DataProvider_FD" name="f" time="5.540"/>
  <system-out/>
  <testcase classname="com.selenium.datadriven.DataProvider_FD" name="f" time="7.872"/>
  <system-out/>
  <testcase classname="com.selenium.datadriven.DataProvider_FD" name="f" time="5.531"/>
  <system-out/>
</testsuite> <!-- com.selenium.datadriven.DataProvider_FD -->
