<?xml version="1.0" encoding="UTF-8"?>
<!-- Generated by org.testng.reporters.JUnitReportReporter -->
<testsuite hostname="DESKTOP-M0UH53U" failures="0" tests="2" name="com.selenium.keyworddriven.FixedDeposit_Test" time="18.824" errors="0" timestamp="2022-05-21T11:19:47 IST" skipped="0">
  <testcase classname="com.selenium.keyworddriven.FixedDeposit_Test" name="fd_1lakh" time="14.203"/>
  <system-out/>
  <testcase classname="com.selenium.keyworddriven.FixedDeposit_Test" name="fd_4lakh" time="4.621"/>
  <system-out/>
</testsuite> <!-- com.selenium.keyworddriven.FixedDeposit_Test -->
