<?xml version="1.0" encoding="UTF-8"?>
<!-- Generated by org.testng.reporters.JUnitReportReporter -->
<testsuite hostname="DESKTOP-M0UH53U" failures="0" tests="4" name="com.selenium.testng.BasicWebObject" time="8.255" errors="0" timestamp="2022-05-08T12:17:17 IST" skipped="0">
  <testcase classname="com.selenium.testng.BasicWebObject" name="handleTextBox" time="6.850"/>
  <system-out/>
  <testcase classname="com.selenium.testng.BasicWebObject" name="handleRadioButton" time="0.063"/>
  <system-out/>
  <testcase classname="com.selenium.testng.BasicWebObject" name="handleCheckBox" time="0.375"/>
  <system-out/>
  <testcase classname="com.selenium.testng.BasicWebObject" name="handleDropDown" time="0.967"/>
  <system-out/>
</testsuite> <!-- com.selenium.testng.BasicWebObject -->
