<?xml version="1.0" encoding="UTF-8"?>
<!-- Generated by org.testng.reporters.JUnitReportReporter -->
<testsuite hostname="DESKTOP-M0UH53U" failures="0" tests="2" name="com.selenium.testng.SoftAssertTest" time="8.931" errors="0" timestamp="2022-05-08T11:32:42 IST" skipped="0">
  <testcase classname="com.selenium.testng.SoftAssertTest" name="verifyLoginPage" time="5.573"/>
  <system-out/>
  <testcase classname="com.selenium.testng.SoftAssertTest" name="verifyHomePage" time="3.358"/>
  <system-out/>
</testsuite> <!-- com.selenium.testng.SoftAssertTest -->
