<?xml version="1.0" encoding="UTF-8"?>
<!-- Generated by org.testng.reporters.JUnitReportReporter -->
<testsuite hostname="DESKTOP-M0UH53U" failures="0" tests="3" name="com.selenium.webobject.BrowserCode_WebDriverManager" time="61.133" errors="0" timestamp="2022-05-15T11:56:40 IST" skipped="0">
  <testcase classname="com.selenium.webobject.BrowserCode_WebDriverManager" name="chromeTest" time="8.244"/>
  <system-out/>
  <testcase classname="com.selenium.webobject.BrowserCode_WebDriverManager" name="firefoxTest" time="13.094"/>
  <system-out/>
  <testcase classname="com.selenium.webobject.BrowserCode_WebDriverManager" name="edgeTest" time="39.795"/>
  <system-out/>
</testsuite> <!-- com.selenium.webobject.BrowserCode_WebDriverManager -->
