<?xml version="1.0" encoding="UTF-8"?>
<!-- Generated by org.testng.reporters.JUnitReportReporter -->
<testsuite hostname="DESKTOP-M0UH53U" failures="0" tests="2" name="com.selenium.keyworddriven.SimpleCalculator_Test" time="12.902" errors="0" timestamp="2022-05-21T12:16:17 IST" skipped="0">
  <testcase classname="com.selenium.keyworddriven.SimpleCalculator_Test" name="Add" time="9.088"/>
  <system-out/>
  <testcase classname="com.selenium.keyworddriven.SimpleCalculator_Test" name="sub" time="3.814"/>
  <system-out/>
</testsuite> <!-- com.selenium.keyworddriven.SimpleCalculator_Test -->
