<?xml version="1.0" encoding="UTF-8"?>
<!-- Generated by org.testng.reporters.JUnitReportReporter -->
<testsuite hostname="DESKTOP-M0UH53U" failures="0" tests="1" name="com.selenium.webobject.Code_For_Screenshot_10" time="10.584" errors="0" timestamp="2022-05-15T10:51:30 IST" skipped="0">
  <testcase classname="com.selenium.webobject.Code_For_Screenshot_10" name="Code_For_Screenshot" time="10.584"/>
  <system-out/>
</testsuite> <!-- com.selenium.webobject.Code_For_Screenshot_10 -->
