<?xml version="1.0" encoding="UTF-8"?>
<!-- Generated by org.testng.reporters.JUnitReportReporter -->
<testsuite hostname="DESKTOP-M0UH53U" failures="0" tests="3" name="com.selenium.webobject.BrowserCode" time="63.864" errors="0" timestamp="2022-05-15T11:49:05 IST" skipped="0">
  <testcase classname="com.selenium.webobject.BrowserCode" name="chromeTest" time="14.046"/>
  <system-out/>
  <testcase classname="com.selenium.webobject.BrowserCode" name="firefoxTest" time="27.416"/>
  <system-out/>
  <testcase classname="com.selenium.webobject.BrowserCode" name="edgeTest" time="22.402"/>
  <system-out/>
</testsuite> <!-- com.selenium.webobject.BrowserCode -->
