<?xml version="1.0" encoding="UTF-8"?>
<!-- Generated by org.testng.reporters.JUnitReportReporter -->
<testsuite hostname="DESKTOP-M0UH53U" failures="0" tests="1" name="com.selenium.testng.LoginOrangeHRM" time="22.198" errors="0" timestamp="2022-05-08T11:32:42 IST" skipped="0">
  <testcase classname="com.selenium.testng.LoginOrangeHRM" name="loginOrangeHRM" time="22.198"/>
  <system-out/>
</testsuite> <!-- com.selenium.testng.LoginOrangeHRM -->
