<?xml version="1.0" encoding="UTF-8"?>
<!-- Generated by org.testng.reporters.JUnitReportReporter -->
<testsuite hostname="DESKTOP-M0UH53U" failures="0" tests="1" name="com.selenium.webobject.Code_For_JavaScriptExecutor_9" time="27.210" errors="0" timestamp="2022-05-15T10:42:43 IST" skipped="0">
  <testcase classname="com.selenium.webobject.Code_For_JavaScriptExecutor_9" name="Code_For_JavaScriptExecutor_Test" time="27.210"/>
  <system-out/>
</testsuite> <!-- com.selenium.webobject.Code_For_JavaScriptExecutor_9 -->
