<?xml version="1.0" encoding="UTF-8"?>
<!-- Generated by org.testng.reporters.JUnitReportReporter -->
<testsuite hostname="DESKTOP-M0UH53U" failures="0" tests="3" name="com.selenium.testng.LoginMutualFund" time="12.448" errors="0" timestamp="2022-05-20T20:00:46 IST" skipped="0">
  <testcase classname="com.selenium.testng.LoginMutualFund" name="loginAdminUser" time="5.271"/>
  <system-out>
    <![CDATA[test onTestSuccess : Test case to verify login functionality using admin user]]>
  </system-out>
  <testcase classname="com.selenium.testng.LoginMutualFund" name="loginTestUser" time="3.626"/>
  <system-out>
    <![CDATA[test onTestSuccess : Test case to verify login functionality using test user]]>
  </system-out>
  <testcase classname="com.selenium.testng.LoginMutualFund" name="loginJSmithUser" time="3.551"/>
  <system-out>
    <![CDATA[test onTestSuccess : Test case to verify login functionality using Jsmith user]]>
  </system-out>
</testsuite> <!-- com.selenium.testng.LoginMutualFund -->
